TN:
SF:src/registration.ts
FN:73,executeGraphQL
FN:81,(anonymous_1)
FN:118,registerSingleTool
FN:144,(anonymous_3)
FN:177,registerGraphQLTools
FN:208,(anonymous_5)
FNF:6
FNH:5
FNDA:4,executeGraphQL
FNDA:0,(anonymous_1)
FNDA:26,registerSingleTool
FNDA:4,(anonymous_3)
FNDA:15,registerGraphQLTools
FNDA:26,(anonymous_5)
DA:68,2
DA:80,4
DA:81,4
DA:82,0
DA:85,4
DA:86,4
DA:97,3
DA:98,0
DA:101,3
DA:102,4
DA:103,0
DA:104,0
DA:107,3
DA:109,1
DA:110,0
DA:112,1
DA:114,4
DA:134,26
DA:140,26
DA:141,13
DA:144,26
DA:145,4
DA:146,4
DA:148,3
DA:149,1
DA:160,2
DA:164,1
DA:165,1
DA:180,15
DA:181,1
DA:182,14
DA:183,13
DA:185,1
DA:188,14
DA:199,15
DA:200,15
DA:201,15
DA:203,15
DA:204,26
DA:207,14
DA:208,26
LF:41
LH:36
BRDA:97,0,0,0
BRDA:97,0,1,3
BRDA:97,1,0,3
BRDA:97,1,1,3
BRDA:101,2,0,3
BRDA:101,2,1,0
BRDA:102,3,0,0
BRDA:102,3,1,4
BRDA:104,4,0,0
BRDA:104,4,1,0
BRDA:109,5,0,0
BRDA:109,5,1,1
BRDA:109,6,0,1
BRDA:109,6,1,0
BRDA:140,7,0,13
BRDA:140,7,1,13
BRDA:148,8,0,1
BRDA:148,8,1,2
BRDA:148,9,0,3
BRDA:148,9,1,1
BRDA:164,10,0,1
BRDA:164,10,1,0
BRDA:180,11,0,1
BRDA:180,11,1,14
BRDA:182,12,0,13
BRDA:182,12,1,1
BRDA:190,13,0,14
BRDA:190,13,1,12
BRDA:191,14,0,15
BRDA:191,14,1,14
BRDA:200,15,0,15
BRDA:200,15,1,14
BRDA:201,16,0,15
BRDA:201,16,1,13
BRF:34
BRH:26
end_of_record
