TN:
SF:src/types.ts
FNF:0
FNH:0
LF:0
LH:0
BRF:0
BRH:0
end_of_record
TN:
SF:src/converter/naming.ts
FN:4,sanitizeName
FN:11,generateToolName
FNF:2
FNH:2
FNDA:91,sanitizeName
FNDA:86,generateToolName
DA:5,91
DA:12,86
DA:13,86
DA:14,86
DA:15,86
DA:16,4
DA:17,4
DA:19,86
DA:20,86
LF:9
LH:9
BRF:0
BRH:0
end_of_record
TN:
SF:src/converter/selection-builder.ts
FN:7,unwrapType
FN:18,buildSelectionSet
FN:42,buildObjectSelection
FN:70,buildUnionSelection
FN:90,buildInterfaceSelection
FNF:5
FNH:5
FNDA:1034,unwrapType
FNDA:129,buildSelectionSet
FNDA:85,buildObjectSelection
FNDA:2,buildUnionSelection
FNDA:2,buildInterfaceSelection
DA:8,1034
DA:9,560
DA:11,474
DA:19,129
DA:20,129
DA:23,129
DA:24,48
DA:27,81
DA:28,2
DA:31,79
DA:32,2
DA:35,77
DA:36,77
DA:39,0
DA:48,85
DA:49,85
DA:50,85
DA:52,85
DA:53,343
DA:55,343
DA:56,283
DA:57,60
DA:58,42
DA:59,42
DA:60,42
DA:66,85
DA:67,85
DA:76,2
DA:77,2
DA:78,2
DA:80,2
DA:81,4
DA:82,4
DA:83,4
DA:87,2
DA:96,2
DA:97,2
DA:100,2
DA:101,2
DA:102,2
DA:103,2
DA:104,2
DA:105,2
DA:110,2
DA:111,4
DA:112,4
DA:113,4
DA:117,2
LF:48
LH:47
BRDA:8,0,0,560
BRDA:8,0,1,474
BRDA:8,1,0,1034
BRDA:8,1,1,560
BRDA:18,2,0,129
BRDA:23,3,0,48
BRDA:23,3,1,81
BRDA:23,4,0,129
BRDA:23,4,1,87
BRDA:27,5,0,2
BRDA:27,5,1,79
BRDA:31,6,0,2
BRDA:31,6,1,77
BRDA:35,7,0,77
BRDA:35,7,1,0
BRDA:48,8,0,0
BRDA:48,8,1,85
BRDA:55,9,0,283
BRDA:55,9,1,60
BRDA:55,10,0,343
BRDA:55,10,1,89
BRDA:57,11,0,42
BRDA:57,11,1,18
BRDA:59,12,0,42
BRDA:59,12,1,0
BRDA:66,13,0,0
BRDA:66,13,1,85
BRDA:76,14,0,0
BRDA:76,14,1,2
BRDA:82,15,0,4
BRDA:82,15,1,0
BRDA:96,16,0,0
BRDA:96,16,1,2
BRDA:104,17,0,2
BRDA:104,17,1,0
BRDA:104,18,0,2
BRDA:104,18,1,0
BRDA:112,19,0,4
BRDA:112,19,1,0
BRF:39
BRH:29
end_of_record
TN:
SF:src/converter/tool-generator.ts
FN:23,buildQueryDocument
FN:56,fieldToToolDefinition
FN:94,passesFilter
FN:108,getMutationFieldNames
FN:116,(anonymous_4)
FN:126,(anonymous_5)
FN:129,(anonymous_6)
FN:137,generateTools
FNF:8
FNH:8
FNDA:78,buildQueryDocument
FNDA:78,fieldToToolDefinition
FNDA:91,passesFilter
FNDA:14,getMutationFieldNames
FNDA:3,(anonymous_4)
FNDA:2,(anonymous_5)
FNDA:1,(anonymous_6)
FNDA:39,generateTools
DA:8,2
DA:14,2
DA:29,78
DA:31,78
DA:32,35
DA:33,35
DA:37,43
DA:38,43
DA:40,43
DA:41,51
DA:42,51
DA:43,51
DA:46,43
DA:47,43
DA:48,43
DA:50,78
DA:64,78
DA:65,78
DA:66,78
DA:67,78
DA:69,78
DA:73,78
DA:74,78
DA:75,78
DA:77,78
DA:79,78
DA:96,91
DA:97,6
DA:99,85
DA:100,10
DA:102,75
DA:109,14
DA:110,0
DA:112,14
DA:113,11
DA:116,3
DA:125,2
DA:127,2
DA:130,1
DA:138,39
DA:139,39
DA:140,39
DA:141,39
DA:142,39
DA:143,39
DA:144,39
DA:147,39
DA:148,39
DA:149,36
DA:150,36
DA:151,64
DA:152,13
DA:154,51
DA:157,3
DA:161,39
DA:162,16
DA:163,16
DA:164,14
DA:165,14
DA:166,14
DA:167,27
DA:168,0
DA:170,27
DA:173,2
DA:178,39
DA:179,39
DA:180,2
DA:184,39
DA:186,3
DA:187,3
DA:188,3
DA:189,3
DA:190,1
DA:192,2
DA:195,36
LF:75
LH:73
BRDA:29,0,0,51
BRDA:29,0,1,27
BRDA:31,1,0,35
BRDA:31,1,1,43
BRDA:32,2,0,0
BRDA:32,2,1,35
BRDA:48,3,0,32
BRDA:48,3,1,11
BRDA:65,4,0,51
BRDA:65,4,1,27
BRDA:67,5,0,78
BRDA:67,5,1,62
BRDA:73,6,0,51
BRDA:73,6,1,27
BRDA:74,7,0,78
BRDA:74,7,1,78
BRDA:96,8,0,6
BRDA:96,8,1,85
BRDA:96,9,0,91
BRDA:96,9,1,12
BRDA:99,10,0,10
BRDA:99,10,1,75
BRDA:99,11,0,85
BRDA:99,11,1,10
BRDA:109,12,0,0
BRDA:109,12,1,14
BRDA:112,13,0,11
BRDA:112,13,1,3
BRDA:138,14,0,39
BRDA:138,14,1,35
BRDA:140,15,0,39
BRDA:140,15,1,23
BRDA:141,16,0,39
BRDA:141,16,1,38
BRDA:142,17,0,39
BRDA:142,17,1,38
BRDA:148,18,0,36
BRDA:148,18,1,3
BRDA:148,19,0,39
BRDA:148,19,1,36
BRDA:151,20,0,13
BRDA:151,20,1,51
BRDA:161,21,0,16
BRDA:161,21,1,23
BRDA:163,22,0,14
BRDA:163,22,1,2
BRDA:163,23,0,16
BRDA:163,23,1,14
BRDA:167,24,0,0
BRDA:167,24,1,27
BRDA:179,25,0,2
BRDA:179,25,1,37
BRDA:184,26,0,3
BRDA:184,26,1,36
BRDA:186,27,0,3
BRDA:186,27,1,2
BRDA:186,27,2,2
BRDA:188,28,0,3
BRDA:188,28,1,1
BRDA:189,29,0,1
BRDA:189,29,1,2
BRDA:189,30,0,3
BRDA:189,30,1,2
BRF:63
BRH:60
end_of_record
TN:
SF:src/converter/type-mapper.ts
FN:8,builtinScalarToZod
FN:41,graphqlTypeToZod
FN:57,graphqlTypeToZodInner
FN:88,enumToZod
FN:89,(anonymous_4)
FN:94,inputObjectToZod
FN:132,argumentsToZodShape
FNF:7
FNH:7
FNDA:116,builtinScalarToZod
FNDA:207,graphqlTypeToZod
FNDA:207,graphqlTypeToZodInner
FNDA:16,enumToZod
FNDA:44,(anonymous_4)
FNDA:67,inputObjectToZod
FNDA:80,argumentsToZodShape
DA:5,3
DA:9,116
DA:11,70
DA:14,8
DA:17,1
DA:20,2
DA:23,29
DA:27,6
DA:42,207
DA:45,207
DA:46,99
DA:50,108
DA:51,108
DA:63,207
DA:64,7
DA:65,7
DA:68,200
DA:69,16
DA:72,184
DA:73,67
DA:76,117
DA:78,117
DA:79,1
DA:81,116
DA:85,0
DA:89,44
DA:90,16
DA:91,16
DA:101,67
DA:103,3
DA:106,64
DA:107,0
DA:110,64
DA:111,64
DA:113,64
DA:114,64
DA:116,64
DA:117,120
DA:118,120
DA:119,1
DA:121,120
DA:124,64
DA:125,64
DA:136,80
DA:138,80
DA:139,54
DA:142,54
DA:143,54
DA:144,1
DA:146,54
DA:147,0
DA:149,54
DA:150,1
DA:153,54
DA:156,80
LF:55
LH:52
BRDA:9,0,0,70
BRDA:9,0,1,8
BRDA:9,0,2,1
BRDA:9,0,3,2
BRDA:9,0,4,29
BRDA:9,0,5,6
BRDA:41,1,0,207
BRDA:42,2,0,207
BRDA:42,2,1,80
BRDA:45,3,0,99
BRDA:45,3,1,108
BRDA:63,4,0,7
BRDA:63,4,1,200
BRDA:68,5,0,16
BRDA:68,5,1,184
BRDA:72,6,0,67
BRDA:72,6,1,117
BRDA:76,7,0,117
BRDA:76,7,1,0
BRDA:78,8,0,1
BRDA:78,8,1,116
BRDA:78,9,0,117
BRDA:78,9,1,1
BRDA:91,10,0,0
BRDA:91,10,1,16
BRDA:101,11,0,3
BRDA:101,11,1,64
BRDA:101,12,0,67
BRDA:101,12,1,29
BRDA:106,13,0,0
BRDA:106,13,1,64
BRDA:118,14,0,1
BRDA:118,14,1,119
BRDA:125,15,0,1
BRDA:125,15,1,63
BRDA:143,16,0,1
BRDA:143,16,1,53
BRDA:146,17,0,0
BRDA:146,17,1,54
BRDA:149,18,0,1
BRDA:149,18,1,53
BRF:41
BRH:37
end_of_record
TN:
SF:src/schema/loader.ts
FN:9,loadSchemaFromString
FN:25,loadSchemaFromFile
FN:39,loadSchemaFromGlob
FN:54,loadSchemaFromIntrospectionFile
FN:74,loadSchemaFromIntrospectionResult
FN:94,loadSchema
FNF:6
FNH:6
FNDA:22,loadSchemaFromString
FNDA:13,loadSchemaFromFile
FNDA:3,loadSchemaFromGlob
FNDA:4,loadSchemaFromIntrospectionFile
FNDA:4,loadSchemaFromIntrospectionResult
FNDA:5,loadSchema
DA:10,22
DA:11,22
DA:12,2
DA:14,20
DA:15,20
DA:17,1
DA:18,1
DA:26,13
DA:28,13
DA:29,13
DA:31,1
DA:33,12
DA:40,3
DA:41,3
DA:42,2
DA:44,1
DA:45,1
DA:46,1
DA:48,1
DA:55,4
DA:57,4
DA:58,4
DA:60,0
DA:63,4
DA:64,4
DA:66,1
DA:68,3
DA:75,4
DA:77,4
DA:80,4
DA:82,1
DA:83,1
DA:95,5
DA:98,5
DA:99,2
DA:103,3
DA:104,1
DA:107,2
DA:108,1
DA:111,1
DA:112,1
DA:116,0
LF:42
LH:40
BRDA:11,0,0,2
BRDA:11,0,1,20
BRDA:17,1,0,1
BRDA:17,1,1,0
BRDA:41,2,0,2
BRDA:41,2,1,1
BRDA:77,3,0,1
BRDA:77,3,1,3
BRDA:77,4,0,4
BRDA:77,4,1,4
BRDA:77,4,2,4
BRDA:82,5,0,1
BRDA:82,5,1,0
BRDA:98,6,0,2
BRDA:98,6,1,3
BRDA:98,7,0,5
BRDA:98,7,1,4
BRDA:103,8,0,1
BRDA:103,8,1,2
BRDA:107,9,0,1
BRDA:107,9,1,1
BRDA:107,10,0,2
BRDA:107,10,1,1
BRDA:111,11,0,1
BRDA:111,11,1,0
BRDA:111,12,0,1
BRDA:111,12,1,0
BRF:27
BRH:23
end_of_record
