TN:
SF:src/cli.ts
FN:8,isUrl
FN:12,parseHeaders
FN:25,parseMutationMode
FN:47,(anonymous_3)
FN:106,(anonymous_4)
FN:110,(anonymous_5)
FN:114,(anonymous_6)
FN:126,(anonymous_7)
FNF:8
FNH:0
FNDA:0,isUrl
FNDA:0,parseHeaders
FNDA:0,parseMutationMode
FNDA:0,(anonymous_3)
FNDA:0,(anonymous_4)
FNDA:0,(anonymous_5)
FNDA:0,(anonymous_6)
FNDA:0,(anonymous_7)
DA:6,0
DA:9,0
DA:13,0
DA:14,0
DA:15,0
DA:16,0
DA:17,0
DA:18,0
DA:19,0
DA:22,0
DA:26,0
DA:27,0
DA:28,0
DA:31,0
DA:62,0
DA:63,0
DA:64,0
DA:67,0
DA:68,0
DA:69,0
DA:70,0
DA:72,0
DA:98,0
DA:99,0
DA:100,0
DA:101,0
DA:103,0
DA:104,0
DA:106,0
DA:107,0
DA:110,0
DA:111,0
DA:114,0
DA:115,0
DA:116,0
DA:117,0
DA:119,0
DA:120,0
DA:123,0
DA:124,0
DA:126,0
DA:127,0
DA:129,0
DA:130,0
DA:133,0
DA:134,0
DA:135,0
DA:140,0
LF:48
LH:0
BRDA:9,0,0,0
BRDA:9,0,1,0
BRDA:16,1,0,0
BRDA:16,1,1,0
BRDA:26,2,0,0
BRDA:26,2,1,0
BRDA:27,3,0,0
BRDA:27,3,1,0
BRDA:62,4,0,0
BRDA:62,4,1,0
BRDA:68,5,0,0
BRDA:68,5,1,0
BRDA:69,6,0,0
BRDA:69,6,1,0
BRDA:72,7,0,0
BRDA:72,7,1,0
BRDA:98,8,0,0
BRDA:98,8,1,0
BRDA:133,9,0,0
BRDA:133,9,1,0
BRF:20
BRH:0
end_of_record
TN:
SF:src/server.ts
FN:45,executeGraphQL
FN:53,(anonymous_1)
FN:96,registerTool
FN:116,(anonymous_3)
FN:149,loadSchemaFromSource
FN:156,createProxyServer
FN:192,createSimpleProxyServer
FN:230,createProxyServerFromUrl
FN:252,(anonymous_8)
FNF:9
FNH:7
FNDA:12,executeGraphQL
FNDA:0,(anonymous_1)
FNDA:74,registerTool
FNDA:11,(anonymous_3)
FNDA:30,loadSchemaFromSource
FNDA:27,createProxyServer
FNDA:1,createSimpleProxyServer
FNDA:1,createProxyServerFromUrl
FNDA:0,(anonymous_8)
DA:6,3
DA:52,12
DA:53,12
DA:54,0
DA:57,12
DA:58,12
DA:69,11
DA:70,1
DA:73,10
DA:74,12
DA:75,1
DA:76,1
DA:79,9
DA:84,3
DA:85,0
DA:87,3
DA:89,12
DA:106,74
DA:112,74
DA:113,46
DA:116,74
DA:117,11
DA:118,11
DA:120,8
DA:121,1
DA:132,7
DA:136,3
DA:137,3
DA:150,30
DA:157,27
DA:158,27
DA:159,27
DA:160,27
DA:162,27
DA:164,27
DA:165,30
DA:166,30
DA:167,30
DA:169,30
DA:179,30
DA:181,30
DA:182,74
DA:186,26
DA:206,1
DA:242,1
DA:243,1
DA:246,1
DA:247,1
DA:249,1
DA:251,1
DA:252,0
DA:253,0
DA:254,0
DA:256,0
DA:259,1
DA:260,0
DA:263,1
DA:264,1
DA:265,1
DA:267,1
LF:60
LH:53
BRDA:69,0,0,1
BRDA:69,0,1,10
BRDA:69,1,0,11
BRDA:69,1,1,10
BRDA:73,2,0,10
BRDA:73,2,1,0
BRDA:74,3,0,1
BRDA:74,3,1,11
BRDA:76,4,0,1
BRDA:76,4,1,0
BRDA:84,5,0,0
BRDA:84,5,1,3
BRDA:84,6,0,3
BRDA:84,6,1,0
BRDA:112,7,0,46
BRDA:112,7,1,28
BRDA:120,8,0,1
BRDA:120,8,1,7
BRDA:120,9,0,8
BRDA:120,9,1,1
BRDA:136,10,0,3
BRDA:136,10,1,0
BRDA:157,11,0,27
BRDA:157,11,1,26
BRDA:158,12,0,27
BRDA:158,12,1,26
BRDA:159,13,0,27
BRDA:159,13,1,27
BRDA:160,14,0,27
BRDA:160,14,1,26
BRDA:166,15,0,30
BRDA:166,15,1,0
BRDA:167,16,0,30
BRDA:167,16,1,27
BRDA:171,17,0,30
BRDA:171,17,1,24
BRDA:175,18,0,6
BRDA:175,18,1,23
BRDA:175,19,0,23
BRDA:175,19,1,23
BRDA:176,20,0,6
BRDA:176,20,1,23
BRDA:176,21,0,23
BRDA:176,21,1,23
BRDA:242,22,0,1
BRDA:242,22,1,1
BRDA:243,23,0,1
BRDA:243,23,1,1
BRDA:251,24,0,0
BRDA:251,24,1,1
BRDA:251,25,0,1
BRDA:251,25,1,0
BRDA:253,26,0,0
BRDA:253,26,1,0
BRDA:259,27,0,0
BRDA:259,27,1,1
BRDA:271,28,0,1
BRDA:271,28,1,1
BRF:58
BRH:47
end_of_record
